Determining if the pthread_create exist failed with the following output:
Change Dir: /home/elijah/thor_ws/build/CMakeFiles/CMakeTmp

Run Build Command:"/usr/bin/make" "cmTC_df994/fast"
/usr/bin/make -f CMakeFiles/cmTC_df994.dir/build.make CMakeFiles/cmTC_df994.dir/build
make[1]: Entering directory '/home/elijah/thor_ws/build/CMakeFiles/CMakeTmp'
Building C object CMakeFiles/cmTC_df994.dir/CheckSymbolExists.c.o
/usr/bin/cc    -o CMakeFiles/cmTC_df994.dir/CheckSymbolExists.c.o   -c /home/elijah/thor_ws/build/CMakeFiles/CMakeTmp/CheckSymbolExists.c
Linking C executable cmTC_df994
/usr/bin/cmake -E cmake_link_script CMakeFiles/cmTC_df994.dir/link.txt --verbose=1
/usr/bin/cc      -rdynamic CMakeFiles/cmTC_df994.dir/CheckSymbolExists.c.o  -o cmTC_df994 
CMakeFiles/cmTC_df994.dir/CheckSymbolExists.c.o: In function `main':
CheckSymbolExists.c:(.text+0x1b): undefined reference to `pthread_create'
collect2: error: ld returned 1 exit status
CMakeFiles/cmTC_df994.dir/build.make:97: recipe for target 'cmTC_df994' failed
make[1]: *** [cmTC_df994] Error 1
make[1]: Leaving directory '/home/elijah/thor_ws/build/CMakeFiles/CMakeTmp'
Makefile:126: recipe for target 'cmTC_df994/fast' failed
make: *** [cmTC_df994/fast] Error 2

File /home/elijah/thor_ws/build/CMakeFiles/CMakeTmp/CheckSymbolExists.c:
/* */
#include <pthread.h>

int main(int argc, char** argv)
{
  (void)argv;
#ifndef pthread_create
  return ((int*)(&pthread_create))[argc];
#else
  (void)argc;
  return 0;
#endif
}

Determining if the function pthread_create exists in the pthreads failed with the following output:
Change Dir: /home/elijah/thor_ws/build/CMakeFiles/CMakeTmp

Run Build Command:"/usr/bin/make" "cmTC_20a67/fast"
/usr/bin/make -f CMakeFiles/cmTC_20a67.dir/build.make CMakeFiles/cmTC_20a67.dir/build
make[1]: Entering directory '/home/elijah/thor_ws/build/CMakeFiles/CMakeTmp'
Building C object CMakeFiles/cmTC_20a67.dir/CheckFunctionExists.c.o
/usr/bin/cc   -DCHECK_FUNCTION_EXISTS=pthread_create   -o CMakeFiles/cmTC_20a67.dir/CheckFunctionExists.c.o   -c /usr/share/cmake-3.10/Modules/CheckFunctionExists.c
Linking C executable cmTC_20a67
/usr/bin/cmake -E cmake_link_script CMakeFiles/cmTC_20a67.dir/link.txt --verbose=1
/usr/bin/cc  -DCHECK_FUNCTION_EXISTS=pthread_create    -rdynamic CMakeFiles/cmTC_20a67.dir/CheckFunctionExists.c.o  -o cmTC_20a67 -lpthreads 
/usr/bin/ld: cannot find -lpthreads
collect2: error: ld returned 1 exit status
CMakeFiles/cmTC_20a67.dir/build.make:97: recipe for target 'cmTC_20a67' failed
make[1]: *** [cmTC_20a67] Error 1
make[1]: Leaving directory '/home/elijah/thor_ws/build/CMakeFiles/CMakeTmp'
Makefile:126: recipe for target 'cmTC_20a67/fast' failed
make: *** [cmTC_20a67/fast] Error 2


